0 info it worked if it ends with ok
1 verbose cli [ '/Users/Ksmike/.nvm/versions/node/v6.9.5/bin/node',
1 verbose cli   '/Users/Ksmike/.nvm/versions/node/v6.9.5/bin/npm',
1 verbose cli   'run',
1 verbose cli   'build' ]
2 info using npm@3.10.10
3 info using node@v6.9.5
4 verbose run-script [ 'prebuild', 'build', 'postbuild' ]
5 info lifecycle frontpage@1.0.0~prebuild: frontpage@1.0.0
6 silly lifecycle frontpage@1.0.0~prebuild: no script for prebuild, continuing
7 info lifecycle frontpage@1.0.0~build: frontpage@1.0.0
8 verbose lifecycle frontpage@1.0.0~build: unsafe-perm in lifecycle true
9 verbose lifecycle frontpage@1.0.0~build: PATH: /Users/Ksmike/.nvm/versions/node/v6.9.5/lib/node_modules/npm/bin/node-gyp-bin:/Users/Ksmike/github/Frontpage/node_modules/.bin:/Users/Ksmike/.cargo/bin:/Library/Frameworks/Python.framework/Versions/3.6/bin:/Library/Frameworks/Python.framework/Versions/3.5/bin:/opt/local/bin:/opt/local/sbin:/Users/Ksmike/.nvm/versions/node/v6.9.5/bin:/usr/local/bin:/usr/bin:/bin:/usr/sbin:/sbin:/opt/X11/bin
10 verbose lifecycle frontpage@1.0.0~build: CWD: /Users/Ksmike/github/Frontpage
11 silly lifecycle frontpage@1.0.0~build: Args: [ '-c', 'webpack --mode production' ]
12 silly lifecycle frontpage@1.0.0~build: Returned: code: 2  signal: null
13 info lifecycle frontpage@1.0.0~build: Failed to exec build script
14 verbose stack Error: frontpage@1.0.0 build: `webpack --mode production`
14 verbose stack Exit status 2
14 verbose stack     at EventEmitter.<anonymous> (/Users/Ksmike/.nvm/versions/node/v6.9.5/lib/node_modules/npm/lib/utils/lifecycle.js:255:16)
14 verbose stack     at emitTwo (events.js:106:13)
14 verbose stack     at EventEmitter.emit (events.js:191:7)
14 verbose stack     at ChildProcess.<anonymous> (/Users/Ksmike/.nvm/versions/node/v6.9.5/lib/node_modules/npm/lib/utils/spawn.js:40:14)
14 verbose stack     at emitTwo (events.js:106:13)
14 verbose stack     at ChildProcess.emit (events.js:191:7)
14 verbose stack     at maybeClose (internal/child_process.js:877:16)
14 verbose stack     at Process.ChildProcess._handle.onexit (internal/child_process.js:226:5)
15 verbose pkgid frontpage@1.0.0
16 verbose cwd /Users/Ksmike/github/Frontpage/src
17 error Darwin 17.5.0
18 error argv "/Users/Ksmike/.nvm/versions/node/v6.9.5/bin/node" "/Users/Ksmike/.nvm/versions/node/v6.9.5/bin/npm" "run" "build"
19 error node v6.9.5
20 error npm  v3.10.10
21 error code ELIFECYCLE
22 error frontpage@1.0.0 build: `webpack --mode production`
22 error Exit status 2
23 error Failed at the frontpage@1.0.0 build script 'webpack --mode production'.
23 error Make sure you have the latest version of node.js and npm installed.
23 error If you do, this is most likely a problem with the frontpage package,
23 error not with npm itself.
23 error Tell the author that this fails on your system:
23 error     webpack --mode production
23 error You can get information on how to open an issue for this project with:
23 error     npm bugs frontpage
23 error Or if that isn't available, you can get their info via:
23 error     npm owner ls frontpage
23 error There is likely additional logging output above.
24 verbose exit [ 1, true ]
